\BOOKMARK [0][-]{chapter.1}{Introduction}{}% 1
\BOOKMARK [1][-]{section.1.1}{Features}{chapter.1}% 2
\BOOKMARK [1][-]{section.1.2}{How does it work}{chapter.1}% 3
\BOOKMARK [0][-]{chapter.2}{Technical overview}{}% 4
\BOOKMARK [1][-]{section.2.1}{History}{chapter.2}% 5
\BOOKMARK [1][-]{section.2.2}{Architectural details}{chapter.2}% 6
\BOOKMARK [1][-]{section.2.3}{Library packages}{chapter.2}% 7
\BOOKMARK [1][-]{section.2.4}{Test packages}{chapter.2}% 8
\BOOKMARK [1][-]{section.2.5}{Integrating JWaveLib}{chapter.2}% 9
\BOOKMARK [0][-]{chapter.3}{Implementing the JWaveLib}{}% 10
\BOOKMARK [1][-]{section.3.1}{Java 2 Standard Edition}{chapter.3}% 11
\BOOKMARK [1][-]{section.3.2}{ACTL eWON implementation}{chapter.3}% 12
\BOOKMARK [1][-]{section.3.3}{Siemens TC65 implementation}{chapter.3}% 13
\BOOKMARK [0][-]{chapter.4}{Support}{}% 14
\BOOKMARK [1][-]{section.4.1}{Bug reports}{chapter.4}% 15
\BOOKMARK [1][-]{section.4.2}{Technical assistance}{chapter.4}% 16
\BOOKMARK [1][-]{section.4.3}{Frequently Asked Questions}{chapter.4}% 17
\BOOKMARK [0][-]{chapter.5}{JWaveLib versions}{}% 18
\BOOKMARK [1][-]{section.5.1}{Version 1.0.2}{chapter.5}% 19
\BOOKMARK [1][-]{section.5.2}{Version 1.0.0}{chapter.5}% 20
\BOOKMARK [0][-]{chapter.6}{Contacts}{}% 21
